2024/10/20 10:00:27 [emerg] 1#1: host not found in upstream "app" in /etc/nginx/conf.d/nginx.conf:13
2024/10/20 10:00:27 [warn] 1#1: conflicting server name "" on 0.0.0.0:80, ignored
2024/10/20 10:00:27 [notice] 1#1: using the "epoll" event method
2024/10/20 10:00:27 [notice] 1#1: nginx/1.27.2
2024/10/20 10:00:27 [notice] 1#1: built by gcc 13.2.1 20240309 (Alpine 13.2.1_git20240309) 
2024/10/20 10:00:27 [notice] 1#1: OS: Linux 6.10.4-linuxkit
2024/10/20 10:00:27 [notice] 1#1: getrlimit(RLIMIT_NOFILE): 1048576:1048576
2024/10/20 10:00:27 [notice] 1#1: start worker processes
2024/10/20 10:00:27 [notice] 1#1: start worker process 20
2024/10/20 10:00:27 [notice] 1#1: start worker process 21
2024/10/20 10:00:27 [notice] 1#1: start worker process 22
2024/10/20 10:00:27 [notice] 1#1: start worker process 23
2024/10/20 10:00:27 [notice] 1#1: start worker process 24
2024/10/20 10:00:27 [notice] 1#1: start worker process 25
2024/10/20 10:00:27 [notice] 1#1: start worker process 26
2024/10/20 10:00:27 [notice] 1#1: start worker process 27
2024/10/20 10:03:01 [notice] 1#1: signal 3 (SIGQUIT) received, shutting down
2024/10/20 10:03:01 [notice] 22#22: gracefully shutting down
2024/10/20 10:03:01 [notice] 25#25: gracefully shutting down
2024/10/20 10:03:01 [notice] 21#21: gracefully shutting down
2024/10/20 10:03:01 [notice] 21#21: exiting
2024/10/20 10:03:01 [notice] 24#24: gracefully shutting down
2024/10/20 10:03:01 [notice] 24#24: exiting
2024/10/20 10:03:01 [notice] 26#26: gracefully shutting down
2024/10/20 10:03:01 [notice] 20#20: gracefully shutting down
2024/10/20 10:03:01 [notice] 20#20: exiting
2024/10/20 10:03:01 [notice] 27#27: gracefully shutting down
2024/10/20 10:03:01 [notice] 27#27: exiting
2024/10/20 10:03:01 [notice] 23#23: gracefully shutting down
2024/10/20 10:03:01 [notice] 23#23: exiting
2024/10/20 10:03:01 [notice] 22#22: exiting
2024/10/20 10:03:01 [notice] 25#25: exiting
2024/10/20 10:03:01 [notice] 24#24: exit
2024/10/20 10:03:01 [notice] 21#21: exit
2024/10/20 10:03:01 [notice] 26#26: exiting
2024/10/20 10:03:01 [notice] 26#26: exit
2024/10/20 10:03:01 [notice] 27#27: exit
2024/10/20 10:03:01 [notice] 20#20: exit
2024/10/20 10:03:01 [notice] 23#23: exit
2024/10/20 10:03:01 [notice] 25#25: exit
2024/10/20 10:03:01 [notice] 22#22: exit
2024/10/20 10:03:01 [notice] 1#1: signal 17 (SIGCHLD) received from 26
2024/10/20 10:03:01 [notice] 1#1: worker process 26 exited with code 0
2024/10/20 10:03:01 [notice] 1#1: signal 29 (SIGIO) received
2024/10/20 10:03:01 [notice] 1#1: signal 17 (SIGCHLD) received from 24
2024/10/20 10:03:01 [notice] 1#1: worker process 24 exited with code 0
2024/10/20 10:03:01 [notice] 1#1: signal 29 (SIGIO) received
2024/10/20 10:03:01 [notice] 1#1: signal 17 (SIGCHLD) received from 27
2024/10/20 10:03:01 [notice] 1#1: worker process 20 exited with code 0
2024/10/20 10:03:01 [notice] 1#1: worker process 21 exited with code 0
2024/10/20 10:03:01 [notice] 1#1: worker process 27 exited with code 0
2024/10/20 10:03:01 [notice] 1#1: signal 29 (SIGIO) received
2024/10/20 10:03:01 [notice] 1#1: signal 17 (SIGCHLD) received from 20
2024/10/20 10:03:01 [notice] 1#1: signal 17 (SIGCHLD) received from 22
2024/10/20 10:03:01 [notice] 1#1: worker process 22 exited with code 0
2024/10/20 10:03:01 [notice] 1#1: worker process 23 exited with code 0
2024/10/20 10:03:01 [notice] 1#1: worker process 25 exited with code 0
2024/10/20 10:03:01 [notice] 1#1: exit
2024/10/20 10:03:09 [warn] 1#1: conflicting server name "" on 0.0.0.0:80, ignored
2024/10/20 10:03:09 [notice] 1#1: using the "epoll" event method
2024/10/20 10:03:09 [notice] 1#1: nginx/1.27.2
2024/10/20 10:03:09 [notice] 1#1: built by gcc 13.2.1 20240309 (Alpine 13.2.1_git20240309) 
2024/10/20 10:03:09 [notice] 1#1: OS: Linux 6.10.4-linuxkit
2024/10/20 10:03:09 [notice] 1#1: getrlimit(RLIMIT_NOFILE): 1048576:1048576
2024/10/20 10:03:09 [notice] 1#1: start worker processes
2024/10/20 10:03:09 [notice] 1#1: start worker process 20
2024/10/20 10:03:09 [notice] 1#1: start worker process 21
2024/10/20 10:03:09 [notice] 1#1: start worker process 22
2024/10/20 10:03:09 [notice] 1#1: start worker process 23
2024/10/20 10:03:09 [notice] 1#1: start worker process 24
2024/10/20 10:03:09 [notice] 1#1: start worker process 25
2024/10/20 10:03:09 [notice] 1#1: start worker process 26
2024/10/20 10:03:09 [notice] 1#1: start worker process 27
2024/10/20 10:04:09 [notice] 1#1: signal 3 (SIGQUIT) received, shutting down
2024/10/20 10:04:10 [notice] 20#20: gracefully shutting down
2024/10/20 10:04:10 [notice] 24#24: gracefully shutting down
2024/10/20 10:04:10 [notice] 25#25: gracefully shutting down
2024/10/20 10:04:10 [notice] 23#23: gracefully shutting down
2024/10/20 10:04:10 [notice] 26#26: gracefully shutting down
2024/10/20 10:04:10 [notice] 22#22: gracefully shutting down
2024/10/20 10:04:10 [notice] 26#26: exiting
2024/10/20 10:04:10 [notice] 22#22: exiting
2024/10/20 10:04:10 [notice] 20#20: exiting
2024/10/20 10:04:10 [notice] 24#24: exiting
2024/10/20 10:04:10 [notice] 27#27: gracefully shutting down
2024/10/20 10:04:10 [notice] 21#21: gracefully shutting down
2024/10/20 10:04:10 [notice] 24#24: exit
2024/10/20 10:04:10 [notice] 23#23: exiting
2024/10/20 10:04:10 [notice] 23#23: exit
2024/10/20 10:04:10 [notice] 25#25: exiting
2024/10/20 10:04:10 [notice] 26#26: exit
2024/10/20 10:04:10 [notice] 20#20: exit
2024/10/20 10:04:10 [notice] 22#22: exit
2024/10/20 10:04:10 [notice] 21#21: exiting
2024/10/20 10:04:10 [notice] 27#27: exiting
2024/10/20 10:04:10 [notice] 25#25: exit
2024/10/20 10:04:10 [notice] 21#21: exit
2024/10/20 10:04:10 [notice] 27#27: exit
2024/10/20 10:04:10 [notice] 1#1: signal 17 (SIGCHLD) received from 24
2024/10/20 10:04:10 [notice] 1#1: worker process 24 exited with code 0
2024/10/20 10:04:10 [notice] 1#1: worker process 26 exited with code 0
2024/10/20 10:04:10 [notice] 1#1: worker process 20 exited with code 0
2024/10/20 10:04:10 [notice] 1#1: worker process 22 exited with code 0
2024/10/20 10:04:10 [notice] 1#1: worker process 23 exited with code 0
2024/10/20 10:04:10 [notice] 1#1: worker process 21 exited with code 0
2024/10/20 10:04:10 [notice] 1#1: signal 29 (SIGIO) received
2024/10/20 10:04:10 [notice] 1#1: signal 17 (SIGCHLD) received from 22
2024/10/20 10:04:10 [notice] 1#1: signal 17 (SIGCHLD) received from 27
2024/10/20 10:04:10 [notice] 1#1: worker process 25 exited with code 0
2024/10/20 10:04:10 [notice] 1#1: worker process 27 exited with code 0
2024/10/20 10:04:10 [notice] 1#1: exit
2024/10/20 10:04:14 [emerg] 1#1: host not found in upstream "app" in /etc/nginx/conf.d/nginx.conf:13
2024/10/20 10:04:14 [warn] 1#1: conflicting server name "" on 0.0.0.0:80, ignored
2024/10/20 10:04:14 [notice] 1#1: using the "epoll" event method
2024/10/20 10:04:14 [notice] 1#1: nginx/1.27.2
2024/10/20 10:04:14 [notice] 1#1: built by gcc 13.2.1 20240309 (Alpine 13.2.1_git20240309) 
2024/10/20 10:04:14 [notice] 1#1: OS: Linux 6.10.4-linuxkit
2024/10/20 10:04:14 [notice] 1#1: getrlimit(RLIMIT_NOFILE): 1048576:1048576
2024/10/20 10:04:14 [notice] 1#1: start worker processes
2024/10/20 10:04:14 [notice] 1#1: start worker process 20
2024/10/20 10:04:14 [notice] 1#1: start worker process 21
2024/10/20 10:04:14 [notice] 1#1: start worker process 22
2024/10/20 10:04:14 [notice] 1#1: start worker process 23
2024/10/20 10:04:14 [notice] 1#1: start worker process 24
2024/10/20 10:04:14 [notice] 1#1: start worker process 25
2024/10/20 10:04:14 [notice] 1#1: start worker process 26
2024/10/20 10:04:14 [notice] 1#1: start worker process 27
2024/10/20 10:14:18 [notice] 1#1: signal 3 (SIGQUIT) received, shutting down
2024/10/20 10:14:18 [notice] 23#23: gracefully shutting down
2024/10/20 10:14:18 [notice] 21#21: gracefully shutting down
2024/10/20 10:14:18 [notice] 20#20: gracefully shutting down
2024/10/20 10:14:18 [notice] 22#22: gracefully shutting down
2024/10/20 10:14:18 [notice] 22#22: exiting
2024/10/20 10:14:18 [notice] 26#26: gracefully shutting down
2024/10/20 10:14:18 [notice] 27#27: gracefully shutting down
2024/10/20 10:14:18 [notice] 26#26: exiting
2024/10/20 10:14:18 [notice] 24#24: gracefully shutting down
2024/10/20 10:14:18 [notice] 25#25: gracefully shutting down
2024/10/20 10:14:18 [notice] 23#23: exiting
2024/10/20 10:14:18 [notice] 25#25: exiting
2024/10/20 10:14:18 [notice] 21#21: exiting
2024/10/20 10:14:18 [notice] 20#20: exiting
2024/10/20 10:14:18 [notice] 27#27: exiting
2024/10/20 10:14:18 [notice] 27#27: exit
2024/10/20 10:14:18 [notice] 22#22: exit
2024/10/20 10:14:18 [notice] 24#24: exiting
2024/10/20 10:14:18 [notice] 24#24: exit
2024/10/20 10:14:18 [notice] 26#26: exit
2024/10/20 10:14:18 [notice] 25#25: exit
2024/10/20 10:14:18 [notice] 23#23: exit
2024/10/20 10:14:18 [notice] 21#21: exit
2024/10/20 10:14:18 [notice] 20#20: exit
2024/10/20 10:14:18 [notice] 1#1: signal 17 (SIGCHLD) received from 27
2024/10/20 10:14:18 [notice] 1#1: worker process 22 exited with code 0
2024/10/20 10:14:18 [notice] 1#1: worker process 25 exited with code 0
2024/10/20 10:14:18 [notice] 1#1: worker process 27 exited with code 0
2024/10/20 10:14:18 [notice] 1#1: signal 29 (SIGIO) received
2024/10/20 10:14:18 [notice] 1#1: signal 17 (SIGCHLD) received from 22
2024/10/20 10:14:18 [notice] 1#1: worker process 24 exited with code 0
2024/10/20 10:14:18 [notice] 1#1: worker process 20 exited with code 0
2024/10/20 10:14:18 [notice] 1#1: worker process 21 exited with code 0
2024/10/20 10:14:18 [notice] 1#1: worker process 23 exited with code 0
2024/10/20 10:14:18 [notice] 1#1: worker process 26 exited with code 0
2024/10/20 10:14:18 [notice] 1#1: exit
2024/10/20 10:14:22 [emerg] 1#1: host not found in upstream "app" in /etc/nginx/conf.d/nginx.conf:13
2024/10/20 10:14:23 [warn] 1#1: conflicting server name "" on 0.0.0.0:80, ignored
2024/10/20 10:14:23 [notice] 1#1: using the "epoll" event method
2024/10/20 10:14:23 [notice] 1#1: nginx/1.27.2
2024/10/20 10:14:23 [notice] 1#1: built by gcc 13.2.1 20240309 (Alpine 13.2.1_git20240309) 
2024/10/20 10:14:23 [notice] 1#1: OS: Linux 6.10.4-linuxkit
2024/10/20 10:14:23 [notice] 1#1: getrlimit(RLIMIT_NOFILE): 1048576:1048576
2024/10/20 10:14:23 [notice] 1#1: start worker processes
2024/10/20 10:14:23 [notice] 1#1: start worker process 20
2024/10/20 10:14:23 [notice] 1#1: start worker process 21
2024/10/20 10:14:23 [notice] 1#1: start worker process 22
2024/10/20 10:14:23 [notice] 1#1: start worker process 23
2024/10/20 10:14:23 [notice] 1#1: start worker process 24
2024/10/20 10:14:23 [notice] 1#1: start worker process 25
2024/10/20 10:14:23 [notice] 1#1: start worker process 26
2024/10/20 10:14:23 [notice] 1#1: start worker process 27
2024/10/20 10:15:43 [notice] 1#1: signal 3 (SIGQUIT) received, shutting down
2024/10/20 10:15:43 [notice] 23#23: gracefully shutting down
2024/10/20 10:15:43 [notice] 25#25: gracefully shutting down
2024/10/20 10:15:43 [notice] 21#21: gracefully shutting down
2024/10/20 10:15:43 [notice] 21#21: exiting
2024/10/20 10:15:43 [notice] 24#24: gracefully shutting down
2024/10/20 10:15:43 [notice] 27#27: gracefully shutting down
2024/10/20 10:15:43 [notice] 21#21: exit
2024/10/20 10:15:43 [notice] 26#26: gracefully shutting down
2024/10/20 10:15:43 [notice] 20#20: gracefully shutting down
2024/10/20 10:15:43 [notice] 22#22: gracefully shutting down
2024/10/20 10:15:43 [notice] 20#20: exiting
2024/10/20 10:15:43 [notice] 27#27: exiting
2024/10/20 10:15:43 [notice] 23#23: exiting
2024/10/20 10:15:43 [notice] 20#20: exit
2024/10/20 10:15:43 [notice] 25#25: exiting
2024/10/20 10:15:43 [notice] 25#25: exit
2024/10/20 10:15:43 [notice] 24#24: exiting
2024/10/20 10:15:43 [notice] 22#22: exiting
2024/10/20 10:15:43 [notice] 1#1: signal 17 (SIGCHLD) received from 21
2024/10/20 10:15:43 [notice] 26#26: exiting
2024/10/20 10:15:43 [notice] 23#23: exit
2024/10/20 10:15:43 [notice] 27#27: exit
2024/10/20 10:15:43 [notice] 24#24: exit
2024/10/20 10:15:43 [notice] 1#1: worker process 21 exited with code 0
2024/10/20 10:15:43 [notice] 1#1: signal 29 (SIGIO) received
2024/10/20 10:15:43 [notice] 22#22: exit
2024/10/20 10:15:43 [notice] 26#26: exit
2024/10/20 10:15:43 [notice] 1#1: signal 17 (SIGCHLD) received from 20
2024/10/20 10:15:43 [notice] 1#1: worker process 20 exited with code 0
2024/10/20 10:15:43 [notice] 1#1: signal 29 (SIGIO) received
2024/10/20 10:15:43 [notice] 1#1: signal 17 (SIGCHLD) received from 25
2024/10/20 10:15:43 [notice] 1#1: worker process 25 exited with code 0
2024/10/20 10:15:43 [notice] 1#1: signal 29 (SIGIO) received
2024/10/20 10:15:43 [notice] 1#1: signal 17 (SIGCHLD) received from 23
2024/10/20 10:15:43 [notice] 1#1: worker process 23 exited with code 0
2024/10/20 10:15:43 [notice] 1#1: signal 29 (SIGIO) received
2024/10/20 10:15:43 [notice] 1#1: signal 17 (SIGCHLD) received from 27
2024/10/20 10:15:43 [notice] 1#1: worker process 27 exited with code 0
2024/10/20 10:15:43 [notice] 1#1: signal 29 (SIGIO) received
2024/10/20 10:15:43 [notice] 1#1: signal 17 (SIGCHLD) received from 22
2024/10/20 10:15:43 [notice] 1#1: worker process 22 exited with code 0
2024/10/20 10:15:43 [notice] 1#1: worker process 24 exited with code 0
2024/10/20 10:15:43 [notice] 1#1: worker process 26 exited with code 0
2024/10/20 10:15:43 [notice] 1#1: exit
2024/10/20 10:15:47 [emerg] 1#1: host not found in upstream "app" in /etc/nginx/conf.d/nginx.conf:13
2024/10/20 10:15:47 [emerg] 1#1: host not found in upstream "phpmyadmin" in /etc/nginx/conf.d/phpMyAdmin.conf:20
2024/10/20 10:15:48 [emerg] 1#1: host not found in upstream "phpmyadmin" in /etc/nginx/conf.d/phpMyAdmin.conf:20
2024/10/20 10:15:48 [emerg] 1#1: host not found in upstream "phpmyadmin" in /etc/nginx/conf.d/phpMyAdmin.conf:20
2024/10/20 10:15:49 [emerg] 1#1: host not found in upstream "phpmyadmin" in /etc/nginx/conf.d/phpMyAdmin.conf:20
2024/10/20 10:15:51 [emerg] 1#1: host not found in upstream "phpmyadmin" in /etc/nginx/conf.d/phpMyAdmin.conf:20
2024/10/20 10:15:54 [emerg] 1#1: host not found in upstream "phpmyadmin" in /etc/nginx/conf.d/phpMyAdmin.conf:20
2024/10/20 10:16:01 [emerg] 1#1: host not found in upstream "phpmyadmin" in /etc/nginx/conf.d/phpMyAdmin.conf:20
2024/10/20 10:16:14 [emerg] 1#1: host not found in upstream "phpmyadmin" in /etc/nginx/conf.d/phpMyAdmin.conf:20
2024/10/20 10:16:23 [emerg] 1#1: host not found in upstream "app" in /etc/nginx/conf.d/nginx.conf:13
2024/10/20 10:16:23 [emerg] 1#1: host not found in upstream "phpmyadmin" in /etc/nginx/conf.d/phpMyAdmin.conf:20
2024/10/20 10:16:24 [emerg] 1#1: host not found in upstream "phpmyadmin" in /etc/nginx/conf.d/phpMyAdmin.conf:20
2024/10/20 10:16:24 [emerg] 1#1: host not found in upstream "phpmyadmin" in /etc/nginx/conf.d/phpMyAdmin.conf:20
2024/10/20 10:16:25 [emerg] 1#1: host not found in upstream "phpmyadmin" in /etc/nginx/conf.d/phpMyAdmin.conf:20
2024/10/20 10:16:27 [emerg] 1#1: host not found in upstream "phpmyadmin" in /etc/nginx/conf.d/phpMyAdmin.conf:20
2024/10/20 10:17:57 [emerg] 1#1: host not found in upstream "phpmyadmin" in /etc/nginx/conf.d/phpMyAdmin.conf:20
2024/10/20 10:17:58 [emerg] 1#1: host not found in upstream "phpmyadmin" in /etc/nginx/conf.d/phpMyAdmin.conf:20
2024/10/20 10:17:58 [emerg] 1#1: host not found in upstream "phpmyadmin" in /etc/nginx/conf.d/phpMyAdmin.conf:20
2024/10/20 10:17:59 [emerg] 1#1: host not found in upstream "phpmyadmin" in /etc/nginx/conf.d/phpMyAdmin.conf:20
2024/10/20 10:18:00 [emerg] 1#1: host not found in upstream "phpmyadmin" in /etc/nginx/conf.d/phpMyAdmin.conf:20
2024/10/20 10:18:01 [emerg] 1#1: host not found in upstream "phpmyadmin" in /etc/nginx/conf.d/phpMyAdmin.conf:20
2024/10/20 10:18:05 [emerg] 1#1: host not found in upstream "phpmyadmin" in /etc/nginx/conf.d/phpMyAdmin.conf:20
2024/10/20 10:18:11 [emerg] 1#1: host not found in upstream "phpmyadmin" in /etc/nginx/conf.d/phpMyAdmin.conf:20
2024/10/20 10:18:24 [emerg] 1#1: host not found in upstream "phpmyadmin" in /etc/nginx/conf.d/phpMyAdmin.conf:20
2024/10/20 10:18:50 [emerg] 1#1: host not found in upstream "phpmyadmin" in /etc/nginx/conf.d/phpMyAdmin.conf:20
2024/10/20 10:20:17 [emerg] 1#1: host not found in upstream "app" in /etc/nginx/conf.d/nginx.conf:13
2024/10/20 10:20:17 [emerg] 1#1: host not found in upstream "phpmyadmin" in /etc/nginx/conf.d/phpMyAdmin.conf:20
2024/10/20 10:20:18 [emerg] 1#1: host not found in upstream "phpmyadmin" in /etc/nginx/conf.d/phpMyAdmin.conf:20
2024/10/20 10:20:18 [emerg] 1#1: host not found in upstream "phpmyadmin" in /etc/nginx/conf.d/phpMyAdmin.conf:20
2024/10/20 10:20:19 [emerg] 1#1: host not found in upstream "phpmyadmin" in /etc/nginx/conf.d/phpMyAdmin.conf:20
2024/10/20 10:20:21 [emerg] 1#1: host not found in upstream "phpmyadmin" in /etc/nginx/conf.d/phpMyAdmin.conf:20
2024/10/20 10:20:24 [emerg] 1#1: host not found in upstream "phpmyadmin" in /etc/nginx/conf.d/phpMyAdmin.conf:20
2024/10/20 10:20:31 [emerg] 1#1: host not found in upstream "phpmyadmin" in /etc/nginx/conf.d/phpMyAdmin.conf:20
2024/10/20 10:20:44 [emerg] 1#1: host not found in upstream "phpmyadmin" in /etc/nginx/conf.d/phpMyAdmin.conf:20
2024/10/20 10:21:07 [notice] 1#1: using the "epoll" event method
2024/10/20 10:21:07 [notice] 1#1: nginx/1.27.2
2024/10/20 10:21:07 [notice] 1#1: built by gcc 13.2.1 20240309 (Alpine 13.2.1_git20240309) 
2024/10/20 10:21:07 [notice] 1#1: OS: Linux 6.10.4-linuxkit
2024/10/20 10:21:07 [notice] 1#1: getrlimit(RLIMIT_NOFILE): 1048576:1048576
2024/10/20 10:21:07 [notice] 1#1: start worker processes
2024/10/20 10:21:07 [notice] 1#1: start worker process 30
2024/10/20 10:21:07 [notice] 1#1: start worker process 31
2024/10/20 10:21:07 [notice] 1#1: start worker process 32
2024/10/20 10:21:07 [notice] 1#1: start worker process 33
2024/10/20 10:21:07 [notice] 1#1: start worker process 34
2024/10/20 10:21:07 [notice] 1#1: start worker process 35
2024/10/20 10:21:07 [notice] 1#1: start worker process 36
2024/10/20 10:21:07 [notice] 1#1: start worker process 37
2024/10/20 10:23:21 [notice] 1#1: signal 3 (SIGQUIT) received, shutting down
2024/10/20 10:23:21 [notice] 32#32: gracefully shutting down
2024/10/20 10:23:21 [notice] 35#35: gracefully shutting down
2024/10/20 10:23:21 [notice] 36#36: gracefully shutting down
2024/10/20 10:23:21 [notice] 33#33: gracefully shutting down
2024/10/20 10:23:21 [notice] 31#31: gracefully shutting down
2024/10/20 10:23:21 [notice] 30#30: gracefully shutting down
2024/10/20 10:23:21 [notice] 34#34: gracefully shutting down
2024/10/20 10:23:21 [notice] 37#37: gracefully shutting down
2024/10/20 10:23:21 [notice] 32#32: exiting
2024/10/20 10:23:21 [notice] 35#35: exiting
2024/10/20 10:23:21 [notice] 36#36: exiting
2024/10/20 10:23:21 [notice] 33#33: exiting
2024/10/20 10:23:21 [notice] 31#31: exiting
2024/10/20 10:23:21 [notice] 33#33: exit
2024/10/20 10:23:21 [notice] 34#34: exiting
2024/10/20 10:23:21 [notice] 30#30: exiting
2024/10/20 10:23:21 [notice] 37#37: exiting
2024/10/20 10:23:21 [notice] 32#32: exit
2024/10/20 10:23:21 [notice] 35#35: exit
2024/10/20 10:23:21 [notice] 36#36: exit
2024/10/20 10:23:21 [notice] 31#31: exit
2024/10/20 10:23:21 [notice] 34#34: exit
2024/10/20 10:23:21 [notice] 30#30: exit
2024/10/20 10:23:21 [notice] 37#37: exit
2024/10/20 10:23:21 [notice] 1#1: signal 17 (SIGCHLD) received from 33
2024/10/20 10:23:21 [notice] 1#1: worker process 31 exited with code 0
2024/10/20 10:23:21 [notice] 1#1: worker process 32 exited with code 0
2024/10/20 10:23:21 [notice] 1#1: worker process 30 exited with code 0
2024/10/20 10:23:21 [notice] 1#1: worker process 33 exited with code 0
2024/10/20 10:23:21 [notice] 1#1: worker process 34 exited with code 0
2024/10/20 10:23:21 [notice] 1#1: worker process 35 exited with code 0
2024/10/20 10:23:21 [notice] 1#1: worker process 36 exited with code 0
2024/10/20 10:23:21 [notice] 1#1: worker process 37 exited with code 0
2024/10/20 10:23:21 [notice] 1#1: exit
2024/10/20 10:23:24 [emerg] 1#1: host not found in upstream "app" in /etc/nginx/conf.d/nginx.conf:13
2024/10/20 10:23:24 [notice] 1#1: using the "epoll" event method
2024/10/20 10:23:24 [notice] 1#1: nginx/1.27.2
2024/10/20 10:23:24 [notice] 1#1: built by gcc 13.2.1 20240309 (Alpine 13.2.1_git20240309) 
2024/10/20 10:23:24 [notice] 1#1: OS: Linux 6.10.4-linuxkit
2024/10/20 10:23:24 [notice] 1#1: getrlimit(RLIMIT_NOFILE): 1048576:1048576
2024/10/20 10:23:24 [notice] 1#1: start worker processes
2024/10/20 10:23:24 [notice] 1#1: start worker process 20
2024/10/20 10:23:24 [notice] 1#1: start worker process 21
2024/10/20 10:23:24 [notice] 1#1: start worker process 22
2024/10/20 10:23:24 [notice] 1#1: start worker process 23
2024/10/20 10:23:24 [notice] 1#1: start worker process 24
2024/10/20 10:23:24 [notice] 1#1: start worker process 25
2024/10/20 10:23:24 [notice] 1#1: start worker process 26
2024/10/20 10:23:24 [notice] 1#1: start worker process 27
2024/10/20 10:28:34 [notice] 1#1: signal 3 (SIGQUIT) received, shutting down
2024/10/20 10:28:34 [notice] 24#24: gracefully shutting down
2024/10/20 10:28:34 [notice] 25#25: gracefully shutting down
2024/10/20 10:28:34 [notice] 21#21: gracefully shutting down
2024/10/20 10:28:34 [notice] 20#20: gracefully shutting down
2024/10/20 10:28:34 [notice] 26#26: gracefully shutting down
2024/10/20 10:28:34 [notice] 23#23: gracefully shutting down
2024/10/20 10:28:34 [notice] 24#24: exiting
2024/10/20 10:28:34 [notice] 27#27: gracefully shutting down
2024/10/20 10:28:34 [notice] 22#22: gracefully shutting down
2024/10/20 10:28:34 [notice] 25#25: exiting
2024/10/20 10:28:34 [notice] 21#21: exiting
2024/10/20 10:28:34 [notice] 20#20: exiting
2024/10/20 10:28:34 [notice] 26#26: exiting
2024/10/20 10:28:34 [notice] 23#23: exiting
2024/10/20 10:28:34 [notice] 26#26: exit
2024/10/20 10:28:34 [notice] 24#24: exit
2024/10/20 10:28:34 [notice] 27#27: exiting
2024/10/20 10:28:34 [notice] 22#22: exiting
2024/10/20 10:28:34 [notice] 27#27: exit
2024/10/20 10:28:34 [notice] 21#21: exit
2024/10/20 10:28:34 [notice] 25#25: exit
2024/10/20 10:28:34 [notice] 20#20: exit
2024/10/20 10:28:34 [notice] 23#23: exit
2024/10/20 10:28:34 [notice] 22#22: exit
2024/10/20 10:28:34 [notice] 1#1: signal 17 (SIGCHLD) received from 26
2024/10/20 10:28:34 [notice] 1#1: worker process 22 exited with code 0
2024/10/20 10:28:34 [notice] 1#1: worker process 20 exited with code 0
2024/10/20 10:28:34 [notice] 1#1: worker process 23 exited with code 0
2024/10/20 10:28:34 [notice] 1#1: worker process 21 exited with code 0
2024/10/20 10:28:34 [notice] 1#1: worker process 24 exited with code 0
2024/10/20 10:28:34 [notice] 1#1: worker process 25 exited with code 0
2024/10/20 10:28:34 [notice] 1#1: worker process 26 exited with code 0
2024/10/20 10:28:34 [notice] 1#1: worker process 27 exited with code 0
2024/10/20 10:28:34 [notice] 1#1: exit
2024/10/20 10:28:38 [emerg] 1#1: host not found in upstream "app" in /etc/nginx/conf.d/nginx.conf:13
2024/10/20 10:28:38 [notice] 1#1: using the "epoll" event method
2024/10/20 10:28:38 [notice] 1#1: nginx/1.27.2
2024/10/20 10:28:38 [notice] 1#1: built by gcc 13.2.1 20240309 (Alpine 13.2.1_git20240309) 
2024/10/20 10:28:38 [notice] 1#1: OS: Linux 6.10.4-linuxkit
2024/10/20 10:28:38 [notice] 1#1: getrlimit(RLIMIT_NOFILE): 1048576:1048576
2024/10/20 10:28:38 [notice] 1#1: start worker processes
2024/10/20 10:28:38 [notice] 1#1: start worker process 20
2024/10/20 10:28:38 [notice] 1#1: start worker process 21
2024/10/20 10:28:38 [notice] 1#1: start worker process 22
2024/10/20 10:28:38 [notice] 1#1: start worker process 23
2024/10/20 10:28:38 [notice] 1#1: start worker process 24
2024/10/20 10:28:38 [notice] 1#1: start worker process 25
2024/10/20 10:28:38 [notice] 1#1: start worker process 26
2024/10/20 10:28:38 [notice] 1#1: start worker process 27
2024/10/20 10:32:08 [notice] 1#1: signal 3 (SIGQUIT) received, shutting down
2024/10/20 10:32:08 [notice] 21#21: gracefully shutting down
2024/10/20 10:32:08 [notice] 26#26: gracefully shutting down
2024/10/20 10:32:08 [notice] 23#23: gracefully shutting down
2024/10/20 10:32:08 [notice] 20#20: gracefully shutting down
2024/10/20 10:32:08 [notice] 24#24: gracefully shutting down
2024/10/20 10:32:08 [notice] 25#25: gracefully shutting down
2024/10/20 10:32:08 [notice] 22#22: gracefully shutting down
2024/10/20 10:32:08 [notice] 27#27: gracefully shutting down
2024/10/20 10:32:08 [notice] 22#22: exiting
2024/10/20 10:32:08 [notice] 21#21: exiting
2024/10/20 10:32:08 [notice] 26#26: exiting
2024/10/20 10:32:08 [notice] 20#20: exiting
2024/10/20 10:32:08 [notice] 23#23: exiting
2024/10/20 10:32:08 [notice] 26#26: exit
2024/10/20 10:32:08 [notice] 24#24: exiting
2024/10/20 10:32:08 [notice] 25#25: exiting
2024/10/20 10:32:08 [notice] 27#27: exiting
2024/10/20 10:32:08 [notice] 25#25: exit
2024/10/20 10:32:08 [notice] 21#21: exit
2024/10/20 10:32:08 [notice] 20#20: exit
2024/10/20 10:32:08 [notice] 22#22: exit
2024/10/20 10:32:08 [notice] 23#23: exit
2024/10/20 10:32:08 [notice] 24#24: exit
2024/10/20 10:32:08 [notice] 27#27: exit
2024/10/20 10:32:08 [notice] 1#1: signal 17 (SIGCHLD) received from 21
2024/10/20 10:32:08 [notice] 1#1: worker process 21 exited with code 0
2024/10/20 10:32:08 [notice] 1#1: worker process 25 exited with code 0
2024/10/20 10:32:08 [notice] 1#1: worker process 26 exited with code 0
2024/10/20 10:32:08 [notice] 1#1: signal 29 (SIGIO) received
2024/10/20 10:32:08 [notice] 1#1: signal 17 (SIGCHLD) received from 25
2024/10/20 10:32:08 [notice] 1#1: worker process 20 exited with code 0
2024/10/20 10:32:08 [notice] 1#1: signal 29 (SIGIO) received
2024/10/20 10:32:08 [notice] 1#1: signal 17 (SIGCHLD) received from 23
2024/10/20 10:32:08 [notice] 1#1: worker process 22 exited with code 0
2024/10/20 10:32:08 [notice] 1#1: worker process 23 exited with code 0
2024/10/20 10:32:08 [notice] 1#1: worker process 24 exited with code 0
2024/10/20 10:32:08 [notice] 1#1: worker process 27 exited with code 0
2024/10/20 10:32:08 [notice] 1#1: exit
2024/10/20 10:32:12 [emerg] 1#1: host not found in upstream "app" in /etc/nginx/conf.d/nginx.conf:17
2024/10/20 10:32:12 [notice] 1#1: using the "epoll" event method
2024/10/20 10:32:12 [notice] 1#1: nginx/1.27.2
2024/10/20 10:32:12 [notice] 1#1: built by gcc 13.2.1 20240309 (Alpine 13.2.1_git20240309) 
2024/10/20 10:32:12 [notice] 1#1: OS: Linux 6.10.4-linuxkit
2024/10/20 10:32:12 [notice] 1#1: getrlimit(RLIMIT_NOFILE): 1048576:1048576
2024/10/20 10:32:12 [notice] 1#1: start worker processes
2024/10/20 10:32:12 [notice] 1#1: start worker process 20
2024/10/20 10:32:12 [notice] 1#1: start worker process 21
2024/10/20 10:32:12 [notice] 1#1: start worker process 22
2024/10/20 10:32:12 [notice] 1#1: start worker process 23
2024/10/20 10:32:12 [notice] 1#1: start worker process 24
2024/10/20 10:32:12 [notice] 1#1: start worker process 25
2024/10/20 10:32:12 [notice] 1#1: start worker process 26
2024/10/20 10:32:12 [notice] 1#1: start worker process 27
2024/10/20 10:36:38 [notice] 1#1: signal 3 (SIGQUIT) received, shutting down
2024/10/20 10:36:38 [notice] 21#21: gracefully shutting down
2024/10/20 10:36:38 [notice] 20#20: gracefully shutting down
2024/10/20 10:36:38 [notice] 23#23: gracefully shutting down
2024/10/20 10:36:38 [notice] 25#25: gracefully shutting down
2024/10/20 10:36:38 [notice] 26#26: gracefully shutting down
2024/10/20 10:36:38 [notice] 24#24: gracefully shutting down
2024/10/20 10:36:38 [notice] 27#27: gracefully shutting down
2024/10/20 10:36:38 [notice] 22#22: gracefully shutting down
2024/10/20 10:36:38 [notice] 26#26: exiting
2024/10/20 10:36:38 [notice] 21#21: exiting
2024/10/20 10:36:38 [notice] 20#20: exiting
2024/10/20 10:36:38 [notice] 23#23: exiting
2024/10/20 10:36:38 [notice] 25#25: exiting
2024/10/20 10:36:38 [notice] 24#24: exiting
2024/10/20 10:36:38 [notice] 27#27: exiting
2024/10/20 10:36:38 [notice] 21#21: exit
2024/10/20 10:36:38 [notice] 22#22: exiting
2024/10/20 10:36:38 [notice] 25#25: exit
2024/10/20 10:36:38 [notice] 20#20: exit
2024/10/20 10:36:38 [notice] 23#23: exit
2024/10/20 10:36:38 [notice] 26#26: exit
2024/10/20 10:36:38 [notice] 24#24: exit
2024/10/20 10:36:38 [notice] 27#27: exit
2024/10/20 10:36:38 [notice] 22#22: exit
2024/10/20 10:36:38 [notice] 1#1: signal 17 (SIGCHLD) received from 24
2024/10/20 10:36:38 [notice] 1#1: worker process 20 exited with code 0
2024/10/20 10:36:38 [notice] 1#1: worker process 21 exited with code 0
2024/10/20 10:36:38 [notice] 1#1: worker process 22 exited with code 0
2024/10/20 10:36:38 [notice] 1#1: worker process 23 exited with code 0
2024/10/20 10:36:38 [notice] 1#1: worker process 24 exited with code 0
2024/10/20 10:36:38 [notice] 1#1: worker process 25 exited with code 0
2024/10/20 10:36:38 [notice] 1#1: worker process 26 exited with code 0
2024/10/20 10:36:38 [notice] 1#1: worker process 27 exited with code 0
2024/10/20 10:36:38 [notice] 1#1: exit
2024/10/20 10:36:40 [emerg] 1#1: host not found in upstream "app" in /etc/nginx/conf.d/nginx.conf:13
2024/10/20 10:36:41 [notice] 1#1: using the "epoll" event method
2024/10/20 10:36:41 [notice] 1#1: nginx/1.27.2
2024/10/20 10:36:41 [notice] 1#1: built by gcc 13.2.1 20240309 (Alpine 13.2.1_git20240309) 
2024/10/20 10:36:41 [notice] 1#1: OS: Linux 6.10.4-linuxkit
2024/10/20 10:36:41 [notice] 1#1: getrlimit(RLIMIT_NOFILE): 1048576:1048576
2024/10/20 10:36:41 [notice] 1#1: start worker processes
2024/10/20 10:36:41 [notice] 1#1: start worker process 20
2024/10/20 10:36:41 [notice] 1#1: start worker process 21
2024/10/20 10:36:41 [notice] 1#1: start worker process 22
2024/10/20 10:36:41 [notice] 1#1: start worker process 23
2024/10/20 10:36:41 [notice] 1#1: start worker process 24
2024/10/20 10:36:41 [notice] 1#1: start worker process 25
2024/10/20 10:36:41 [notice] 1#1: start worker process 26
2024/10/20 10:36:41 [notice] 1#1: start worker process 27
2024/10/20 10:38:33 [notice] 1#1: signal 3 (SIGQUIT) received, shutting down
2024/10/20 10:38:33 [notice] 21#21: gracefully shutting down
2024/10/20 10:38:33 [notice] 20#20: gracefully shutting down
2024/10/20 10:38:33 [notice] 23#23: gracefully shutting down
2024/10/20 10:38:33 [notice] 22#22: gracefully shutting down
2024/10/20 10:38:33 [notice] 25#25: gracefully shutting down
2024/10/20 10:38:33 [notice] 21#21: exiting
2024/10/20 10:38:33 [notice] 24#24: gracefully shutting down
2024/10/20 10:38:33 [notice] 26#26: gracefully shutting down
2024/10/20 10:38:33 [notice] 27#27: gracefully shutting down
2024/10/20 10:38:33 [notice] 24#24: exiting
2024/10/20 10:38:33 [notice] 23#23: exiting
2024/10/20 10:38:33 [notice] 22#22: exiting
2024/10/20 10:38:33 [notice] 25#25: exiting
2024/10/20 10:38:33 [notice] 20#20: exiting
2024/10/20 10:38:33 [notice] 26#26: exiting
2024/10/20 10:38:33 [notice] 27#27: exiting
2024/10/20 10:38:33 [notice] 24#24: exit
2024/10/20 10:38:33 [notice] 21#21: exit
2024/10/20 10:38:33 [notice] 23#23: exit
2024/10/20 10:38:33 [notice] 22#22: exit
2024/10/20 10:38:33 [notice] 20#20: exit
2024/10/20 10:38:33 [notice] 25#25: exit
2024/10/20 10:38:33 [notice] 26#26: exit
2024/10/20 10:38:33 [notice] 27#27: exit
2024/10/20 10:38:33 [notice] 1#1: signal 17 (SIGCHLD) received from 23
2024/10/20 10:38:33 [notice] 1#1: worker process 21 exited with code 0
2024/10/20 10:38:33 [notice] 1#1: worker process 22 exited with code 0
2024/10/20 10:38:33 [notice] 1#1: worker process 20 exited with code 0
2024/10/20 10:38:33 [notice] 1#1: worker process 23 exited with code 0
2024/10/20 10:38:33 [notice] 1#1: worker process 24 exited with code 0
2024/10/20 10:38:33 [notice] 1#1: worker process 25 exited with code 0
2024/10/20 10:38:33 [notice] 1#1: worker process 26 exited with code 0
2024/10/20 10:38:33 [notice] 1#1: signal 29 (SIGIO) received
2024/10/20 10:38:33 [notice] 1#1: signal 17 (SIGCHLD) received from 22
2024/10/20 10:38:33 [notice] 1#1: signal 17 (SIGCHLD) received from 27
2024/10/20 10:38:33 [notice] 1#1: worker process 27 exited with code 0
2024/10/20 10:38:33 [notice] 1#1: exit
2024/10/20 10:38:37 [emerg] 1#1: host not found in upstream "app" in /etc/nginx/conf.d/nginx.conf:13
2024/10/20 10:38:37 [notice] 1#1: using the "epoll" event method
2024/10/20 10:38:37 [notice] 1#1: nginx/1.27.2
2024/10/20 10:38:37 [notice] 1#1: built by gcc 13.2.1 20240309 (Alpine 13.2.1_git20240309) 
2024/10/20 10:38:37 [notice] 1#1: OS: Linux 6.10.4-linuxkit
2024/10/20 10:38:37 [notice] 1#1: getrlimit(RLIMIT_NOFILE): 1048576:1048576
2024/10/20 10:38:37 [notice] 1#1: start worker processes
2024/10/20 10:38:37 [notice] 1#1: start worker process 20
2024/10/20 10:38:37 [notice] 1#1: start worker process 21
2024/10/20 10:38:37 [notice] 1#1: start worker process 22
2024/10/20 10:38:37 [notice] 1#1: start worker process 23
2024/10/20 10:38:37 [notice] 1#1: start worker process 24
2024/10/20 10:38:37 [notice] 1#1: start worker process 25
2024/10/20 10:38:37 [notice] 1#1: start worker process 26
2024/10/20 10:38:37 [notice] 1#1: start worker process 27
2024/10/20 10:40:12 [notice] 1#1: signal 3 (SIGQUIT) received, shutting down
2024/10/20 10:40:12 [notice] 21#21: gracefully shutting down
2024/10/20 10:40:12 [notice] 26#26: gracefully shutting down
2024/10/20 10:40:12 [notice] 20#20: gracefully shutting down
2024/10/20 10:40:12 [notice] 24#24: gracefully shutting down
2024/10/20 10:40:12 [notice] 23#23: gracefully shutting down
2024/10/20 10:40:12 [notice] 21#21: exiting
2024/10/20 10:40:12 [notice] 27#27: gracefully shutting down
2024/10/20 10:40:12 [notice] 25#25: gracefully shutting down
2024/10/20 10:40:12 [notice] 26#26: exiting
2024/10/20 10:40:12 [notice] 21#21: exit
2024/10/20 10:40:12 [notice] 27#27: exiting
2024/10/20 10:40:12 [notice] 27#27: exit
2024/10/20 10:40:12 [notice] 22#22: gracefully shutting down
2024/10/20 10:40:12 [notice] 22#22: exiting
2024/10/20 10:40:12 [notice] 20#20: exiting
2024/10/20 10:40:12 [notice] 20#20: exit
2024/10/20 10:40:12 [notice] 23#23: exiting
2024/10/20 10:40:12 [notice] 23#23: exit
2024/10/20 10:40:12 [notice] 24#24: exiting
2024/10/20 10:40:12 [notice] 25#25: exiting
2024/10/20 10:40:12 [notice] 25#25: exit
2024/10/20 10:40:12 [notice] 26#26: exit
2024/10/20 10:40:12 [notice] 22#22: exit
2024/10/20 10:40:12 [notice] 24#24: exit
2024/10/20 10:40:12 [notice] 1#1: signal 17 (SIGCHLD) received from 21
2024/10/20 10:40:12 [notice] 1#1: worker process 21 exited with code 0
2024/10/20 10:40:12 [notice] 1#1: worker process 20 exited with code 0
2024/10/20 10:40:12 [notice] 1#1: worker process 27 exited with code 0
2024/10/20 10:40:12 [notice] 1#1: signal 29 (SIGIO) received
2024/10/20 10:40:12 [notice] 1#1: signal 17 (SIGCHLD) received from 27
2024/10/20 10:40:12 [notice] 1#1: worker process 23 exited with code 0
2024/10/20 10:40:12 [notice] 1#1: signal 29 (SIGIO) received
2024/10/20 10:40:12 [notice] 1#1: signal 17 (SIGCHLD) received from 26
2024/10/20 10:40:12 [notice] 1#1: worker process 26 exited with code 0
2024/10/20 10:40:12 [notice] 1#1: signal 29 (SIGIO) received
2024/10/20 10:40:12 [notice] 1#1: signal 17 (SIGCHLD) received from 25
2024/10/20 10:40:12 [notice] 1#1: worker process 25 exited with code 0
2024/10/20 10:40:12 [notice] 1#1: worker process 22 exited with code 0
2024/10/20 10:40:12 [notice] 1#1: signal 29 (SIGIO) received
2024/10/20 10:40:12 [notice] 1#1: signal 17 (SIGCHLD) received from 22
2024/10/20 10:40:12 [notice] 1#1: signal 17 (SIGCHLD) received from 24
2024/10/20 10:40:12 [notice] 1#1: worker process 24 exited with code 0
2024/10/20 10:40:12 [notice] 1#1: exit
2024/10/20 10:40:15 [emerg] 1#1: host not found in upstream "app" in /etc/nginx/conf.d/nginx.conf:13
2024/10/20 10:40:16 [notice] 1#1: using the "epoll" event method
2024/10/20 10:40:16 [notice] 1#1: nginx/1.27.2
2024/10/20 10:40:16 [notice] 1#1: built by gcc 13.2.1 20240309 (Alpine 13.2.1_git20240309) 
2024/10/20 10:40:16 [notice] 1#1: OS: Linux 6.10.4-linuxkit
2024/10/20 10:40:16 [notice] 1#1: getrlimit(RLIMIT_NOFILE): 1048576:1048576
2024/10/20 10:40:16 [notice] 1#1: start worker processes
2024/10/20 10:40:16 [notice] 1#1: start worker process 19
2024/10/20 10:40:16 [notice] 1#1: start worker process 20
2024/10/20 10:40:16 [notice] 1#1: start worker process 21
2024/10/20 10:40:16 [notice] 1#1: start worker process 22
2024/10/20 10:40:16 [notice] 1#1: start worker process 23
2024/10/20 10:40:16 [notice] 1#1: start worker process 24
2024/10/20 10:40:16 [notice] 1#1: start worker process 25
2024/10/20 10:40:16 [notice] 1#1: start worker process 26
2024/10/20 10:43:45 [notice] 1#1: signal 3 (SIGQUIT) received, shutting down
2024/10/20 10:43:45 [notice] 19#19: gracefully shutting down
2024/10/20 10:43:45 [notice] 26#26: gracefully shutting down
2024/10/20 10:43:45 [notice] 21#21: gracefully shutting down
2024/10/20 10:43:45 [notice] 25#25: gracefully shutting down
2024/10/20 10:43:45 [notice] 23#23: gracefully shutting down
2024/10/20 10:43:45 [notice] 25#25: exiting
2024/10/20 10:43:45 [notice] 19#19: exiting
2024/10/20 10:43:45 [notice] 24#24: gracefully shutting down
2024/10/20 10:43:45 [notice] 20#20: gracefully shutting down
2024/10/20 10:43:45 [notice] 19#19: exit
2024/10/20 10:43:45 [notice] 22#22: gracefully shutting down
2024/10/20 10:43:45 [notice] 25#25: exit
2024/10/20 10:43:45 [notice] 26#26: exiting
2024/10/20 10:43:45 [notice] 21#21: exiting
2024/10/20 10:43:45 [notice] 23#23: exiting
2024/10/20 10:43:45 [notice] 20#20: exiting
2024/10/20 10:43:45 [notice] 24#24: exiting
2024/10/20 10:43:45 [notice] 24#24: exit
2024/10/20 10:43:45 [notice] 22#22: exiting
2024/10/20 10:43:45 [notice] 26#26: exit
2024/10/20 10:43:45 [notice] 21#21: exit
2024/10/20 10:43:45 [notice] 23#23: exit
2024/10/20 10:43:45 [notice] 20#20: exit
2024/10/20 10:43:45 [notice] 22#22: exit
2024/10/20 10:43:45 [notice] 1#1: signal 17 (SIGCHLD) received from 19
2024/10/20 10:43:45 [notice] 1#1: worker process 19 exited with code 0
2024/10/20 10:43:45 [notice] 1#1: worker process 25 exited with code 0
2024/10/20 10:43:45 [notice] 1#1: signal 29 (SIGIO) received
2024/10/20 10:43:45 [notice] 1#1: signal 17 (SIGCHLD) received from 25
2024/10/20 10:43:45 [notice] 1#1: signal 17 (SIGCHLD) received from 24
2024/10/20 10:43:45 [notice] 1#1: worker process 24 exited with code 0
2024/10/20 10:43:45 [notice] 1#1: signal 29 (SIGIO) received
2024/10/20 10:43:45 [notice] 1#1: signal 17 (SIGCHLD) received from 23
2024/10/20 10:43:45 [notice] 1#1: worker process 21 exited with code 0
2024/10/20 10:43:45 [notice] 1#1: worker process 23 exited with code 0
2024/10/20 10:43:45 [notice] 1#1: worker process 26 exited with code 0
2024/10/20 10:43:45 [notice] 1#1: worker process 20 exited with code 0
2024/10/20 10:43:45 [notice] 1#1: worker process 22 exited with code 0
2024/10/20 10:43:45 [notice] 1#1: exit
2024/10/20 10:43:50 [emerg] 1#1: host not found in upstream "app" in /etc/nginx/conf.d/nginx.conf:13
2024/10/20 10:43:50 [notice] 1#1: using the "epoll" event method
2024/10/20 10:43:50 [notice] 1#1: nginx/1.27.2
2024/10/20 10:43:50 [notice] 1#1: built by gcc 13.2.1 20240309 (Alpine 13.2.1_git20240309) 
2024/10/20 10:43:50 [notice] 1#1: OS: Linux 6.10.4-linuxkit
2024/10/20 10:43:50 [notice] 1#1: getrlimit(RLIMIT_NOFILE): 1048576:1048576
2024/10/20 10:43:50 [notice] 1#1: start worker processes
2024/10/20 10:43:50 [notice] 1#1: start worker process 20
2024/10/20 10:43:50 [notice] 1#1: start worker process 21
2024/10/20 10:43:50 [notice] 1#1: start worker process 22
2024/10/20 10:43:50 [notice] 1#1: start worker process 23
2024/10/20 10:43:50 [notice] 1#1: start worker process 24
2024/10/20 10:43:50 [notice] 1#1: start worker process 25
2024/10/20 10:43:50 [notice] 1#1: start worker process 26
2024/10/20 10:43:50 [notice] 1#1: start worker process 27
2024/10/20 10:54:19 [notice] 1#1: signal 3 (SIGQUIT) received, shutting down
2024/10/20 10:54:19 [notice] 23#23: gracefully shutting down
2024/10/20 10:54:19 [notice] 26#26: gracefully shutting down
2024/10/20 10:54:19 [notice] 21#21: gracefully shutting down
2024/10/20 10:54:19 [notice] 26#26: exiting
2024/10/20 10:54:19 [notice] 20#20: gracefully shutting down
2024/10/20 10:54:19 [notice] 20#20: exiting
2024/10/20 10:54:19 [notice] 20#20: exit
2024/10/20 10:54:19 [notice] 22#22: gracefully shutting down
2024/10/20 10:54:19 [notice] 27#27: gracefully shutting down
2024/10/20 10:54:19 [notice] 24#24: gracefully shutting down
2024/10/20 10:54:19 [notice] 27#27: exiting
2024/10/20 10:54:19 [notice] 25#25: gracefully shutting down
2024/10/20 10:54:19 [notice] 23#23: exiting
2024/10/20 10:54:19 [notice] 21#21: exiting
2024/10/20 10:54:19 [notice] 21#21: exit
2024/10/20 10:54:19 [notice] 26#26: exit
2024/10/20 10:54:19 [notice] 24#24: exiting
2024/10/20 10:54:19 [notice] 22#22: exiting
2024/10/20 10:54:19 [notice] 22#22: exit
2024/10/20 10:54:19 [notice] 27#27: exit
2024/10/20 10:54:19 [notice] 25#25: exiting
2024/10/20 10:54:19 [notice] 23#23: exit
2024/10/20 10:54:19 [notice] 25#25: exit
2024/10/20 10:54:19 [notice] 24#24: exit
2024/10/20 10:54:19 [notice] 1#1: signal 17 (SIGCHLD) received from 21
2024/10/20 10:54:19 [notice] 1#1: worker process 21 exited with code 0
2024/10/20 10:54:19 [notice] 1#1: worker process 20 exited with code 0
2024/10/20 10:54:19 [notice] 1#1: worker process 22 exited with code 0
2024/10/20 10:54:19 [notice] 1#1: worker process 25 exited with code 0
2024/10/20 10:54:19 [notice] 1#1: worker process 26 exited with code 0
2024/10/20 10:54:19 [notice] 1#1: worker process 27 exited with code 0
2024/10/20 10:54:19 [notice] 1#1: signal 29 (SIGIO) received
2024/10/20 10:54:19 [notice] 1#1: signal 17 (SIGCHLD) received from 20
2024/10/20 10:54:19 [notice] 1#1: worker process 23 exited with code 0
2024/10/20 10:54:19 [notice] 1#1: signal 29 (SIGIO) received
2024/10/20 10:54:19 [notice] 1#1: signal 17 (SIGCHLD) received from 23
2024/10/20 10:54:19 [notice] 1#1: signal 17 (SIGCHLD) received from 24
2024/10/20 10:54:19 [notice] 1#1: worker process 24 exited with code 0
2024/10/20 10:54:19 [notice] 1#1: exit
2024/10/20 10:54:22 [emerg] 1#1: host not found in upstream "app" in /etc/nginx/conf.d/nginx.conf:13
2024/10/20 10:54:23 [notice] 1#1: using the "epoll" event method
2024/10/20 10:54:23 [notice] 1#1: nginx/1.27.2
2024/10/20 10:54:23 [notice] 1#1: built by gcc 13.2.1 20240309 (Alpine 13.2.1_git20240309) 
2024/10/20 10:54:23 [notice] 1#1: OS: Linux 6.10.4-linuxkit
2024/10/20 10:54:23 [notice] 1#1: getrlimit(RLIMIT_NOFILE): 1048576:1048576
2024/10/20 10:54:23 [notice] 1#1: start worker processes
2024/10/20 10:54:23 [notice] 1#1: start worker process 19
2024/10/20 10:54:23 [notice] 1#1: start worker process 20
2024/10/20 10:54:23 [notice] 1#1: start worker process 21
2024/10/20 10:54:23 [notice] 1#1: start worker process 22
2024/10/20 10:54:23 [notice] 1#1: start worker process 23
2024/10/20 10:54:23 [notice] 1#1: start worker process 24
2024/10/20 10:54:23 [notice] 1#1: start worker process 25
2024/10/20 10:54:23 [notice] 1#1: start worker process 26
2024/10/20 10:56:05 [notice] 1#1: signal 3 (SIGQUIT) received, shutting down
2024/10/20 10:56:05 [notice] 22#22: gracefully shutting down
2024/10/20 10:56:05 [notice] 23#23: gracefully shutting down
2024/10/20 10:56:05 [notice] 19#19: gracefully shutting down
2024/10/20 10:56:05 [notice] 25#25: gracefully shutting down
2024/10/20 10:56:05 [notice] 20#20: gracefully shutting down
2024/10/20 10:56:05 [notice] 21#21: gracefully shutting down
2024/10/20 10:56:05 [notice] 24#24: gracefully shutting down
2024/10/20 10:56:05 [notice] 25#25: exiting
2024/10/20 10:56:05 [notice] 26#26: gracefully shutting down
2024/10/20 10:56:05 [notice] 22#22: exiting
2024/10/20 10:56:05 [notice] 22#22: exit
2024/10/20 10:56:05 [notice] 23#23: exiting
2024/10/20 10:56:05 [notice] 23#23: exit
2024/10/20 10:56:05 [notice] 21#21: exiting
2024/10/20 10:56:05 [notice] 21#21: exit
2024/10/20 10:56:05 [notice] 20#20: exiting
2024/10/20 10:56:05 [notice] 20#20: exit
2024/10/20 10:56:05 [notice] 19#19: exiting
2024/10/20 10:56:05 [notice] 19#19: exit
2024/10/20 10:56:05 [notice] 24#24: exiting
2024/10/20 10:56:05 [notice] 26#26: exiting
2024/10/20 10:56:05 [notice] 26#26: exit
2024/10/20 10:56:05 [notice] 25#25: exit
2024/10/20 10:56:05 [notice] 24#24: exit
2024/10/20 10:56:05 [notice] 1#1: signal 17 (SIGCHLD) received from 22
2024/10/20 10:56:05 [notice] 1#1: worker process 22 exited with code 0
2024/10/20 10:56:05 [notice] 1#1: signal 29 (SIGIO) received
2024/10/20 10:56:05 [notice] 1#1: signal 17 (SIGCHLD) received from 23
2024/10/20 10:56:05 [notice] 1#1: worker process 20 exited with code 0
2024/10/20 10:56:05 [notice] 1#1: worker process 23 exited with code 0
2024/10/20 10:56:05 [notice] 1#1: signal 29 (SIGIO) received
2024/10/20 10:56:05 [notice] 1#1: signal 17 (SIGCHLD) received from 20
2024/10/20 10:56:05 [notice] 1#1: signal 17 (SIGCHLD) received from 19
2024/10/20 10:56:05 [notice] 1#1: worker process 19 exited with code 0
2024/10/20 10:56:05 [notice] 1#1: signal 29 (SIGIO) received
2024/10/20 10:56:05 [notice] 1#1: signal 17 (SIGCHLD) received from 21
2024/10/20 10:56:05 [notice] 1#1: worker process 21 exited with code 0
2024/10/20 10:56:05 [notice] 1#1: signal 29 (SIGIO) received
2024/10/20 10:56:05 [notice] 1#1: signal 17 (SIGCHLD) received from 26
2024/10/20 10:56:05 [notice] 1#1: worker process 24 exited with code 0
2024/10/20 10:56:05 [notice] 1#1: worker process 26 exited with code 0
2024/10/20 10:56:05 [notice] 1#1: signal 29 (SIGIO) received
2024/10/20 10:56:05 [notice] 1#1: signal 17 (SIGCHLD) received from 25
2024/10/20 10:56:05 [notice] 1#1: worker process 25 exited with code 0
2024/10/20 10:56:05 [notice] 1#1: exit
2024/10/20 10:56:09 [emerg] 1#1: host not found in upstream "app" in /etc/nginx/conf.d/nginx.conf:13
2024/10/20 10:56:09 [notice] 1#1: using the "epoll" event method
2024/10/20 10:56:09 [notice] 1#1: nginx/1.27.2
2024/10/20 10:56:09 [notice] 1#1: built by gcc 13.2.1 20240309 (Alpine 13.2.1_git20240309) 
2024/10/20 10:56:09 [notice] 1#1: OS: Linux 6.10.4-linuxkit
2024/10/20 10:56:09 [notice] 1#1: getrlimit(RLIMIT_NOFILE): 1048576:1048576
2024/10/20 10:56:09 [notice] 1#1: start worker processes
2024/10/20 10:56:09 [notice] 1#1: start worker process 19
2024/10/20 10:56:09 [notice] 1#1: start worker process 20
2024/10/20 10:56:09 [notice] 1#1: start worker process 21
2024/10/20 10:56:09 [notice] 1#1: start worker process 22
2024/10/20 10:56:09 [notice] 1#1: start worker process 23
2024/10/20 10:56:09 [notice] 1#1: start worker process 24
2024/10/20 10:56:09 [notice] 1#1: start worker process 25
2024/10/20 10:56:09 [notice] 1#1: start worker process 26
